[DEBUG] [2019-05-06 15:48:19,842] logger.py [line:131] : 一共执行的测试集为{'招退工备案办理条件': 'F:\\BotChatContrast\\work_flow\\招退工备案办理条件.xlsx'}
[INFO] [2019-05-06 15:48:19,843] logger.py [line:131] : 本次运行的用例为招退工备案办理条件 => F:\BotChatContrast\work_flow\招退工备案办理条件.xlsx
[DEBUG] [2019-05-06 15:48:19,853] logger.py [line:131] : [{'question': '清除缓存', 'intent': '招退工备案办理条件', 'knowledge': '我什么也不记得了...', '': ''}, {'question': '招退工需要什么材料', 'intent': '招退工备案办理条件', 'knowledge': '请问需要办理备案的员工户籍是：', '': ''}, {'question': 1.0, 'intent': '招退工备案办理条件', 'knowledge': '1.退工\n2.招工', '': '外地户口'}, {'question': 1.0, 'intent': '招退工备案办理条件', 'knowledge': '1.逾期\n2.未逾期（自退工之日起30天内）', '': '退工'}, {'question': 1.0, 'intent': '招退工备案办理条件', 'knowledge': '条件符合，材料齐全情况下，前往行政中心办理窗口，行政中心工作人员进行书面审核，通过书面核验对申请材料，进行形式要件审查，然后对书面申报材料进行形式性审查。材料不齐全或不符合规范（未填全、未签字、未盖章等）的，作出补正要求，并一次性告知；', '': '逾期'}, {'question': 1.0, 'intent': '招退工备案办理条件', 'knowledge': '用人单位招用本市户籍劳动者（含建立标准劳动关系和特殊劳动关系），应自招用之日起30日内，向本市劳动保障部门所属的就业促进中心办妥招工登记备案手续。', '': '未逾期'}, {'question': '清除缓存', 'intent': '招退工备案办理条件', 'knowledge': '我什么也不记得了...', '': ''}, {'question': '招退工需要什么材料', 'intent': '招退工备案办理条件', 'knowledge': '请问需要办理备案的员工户籍是：', '': ''}, {'question': 2.0, 'intent': '招退工备案办理条件', 'knowledge': '1.退工\n2.招工', '': '本地户口'}, {'question': 1.0, 'intent': '招退工备案办理条件', 'knowledge': '1.个体工商户\n2.逾期\n3.员工姓名存在生僻字\n4.退档\n5.变更退工时间\n6.未逾期（自退工之日起30天内）\n7.恢复用工', '': '退工'}, {'question': 1.0, 'intent': '招退工备案办理条件', 'knowledge': '用人单位与劳动者终止或解除劳动（工作）关系后（含标准劳动关系和特殊劳动关系），应在15日内向就业促进中心办妥退工登记备案手续。', '': '个体工商户'}, {'question': 1.0, 'intent': '招退工备案办理条件', 'knowledge': '用人单位与劳动者终止或解除劳动（工作）关系后（含标准劳动关系和特殊劳动关系），应在15日内向就业促进中心办妥退工登记备案手续。', '': '逾期'}, {'question': 2.0, 'intent': '招退工备案办理条件', 'knowledge': '用人单位与劳动者终止或解除劳动（工作）关系后（含标准劳动关系和特殊劳动关系），应在15日内向就业促进中心办妥退工登记备案手续。', '': '员工姓名存在生僻字'}, {'question': 3.0, 'intent': '招退工备案办理条件', 'knowledge': '用人单位与劳动者终止或解除劳动（工作）关系后（含标准劳动关系和特殊劳动关系），应在15日内向就业促进中心办妥退工登记备案手续。', '': '退档'}, {'question': 4.0, 'intent': '招退工备案办理条件', 'knowledge': '用人单位与劳动者终止或解除劳动（工作）关系后（含标准劳动关系和特殊劳动关系），应在15日内向就业促进中心办妥退工登记备案手续。', '': '变更退工时间'}, {'question': 5.0, 'intent': '招退工备案办理条件', 'knowledge': '用人单位与劳动者终止或解除劳动（工作）关系后（含标准劳动关系和特殊劳动关系），应在15日内向就业促进中心办妥退工登记备案手续。', '': '未逾期（自退工之日起30天内）'}, {'question': 6.0, 'intent': '招退工备案办理条件', 'knowledge': '用人单位与劳动者终止或解除劳动（工作）关系后（含标准劳动关系和特殊劳动关系），应在15日内向就业促进中心办妥退工登记备案手续。', '': '恢复用工'}]
[DEBUG] [2019-05-06 15:48:19,855] logger.py [line:131] : 当前问题是 => 清除缓存
[DEBUG] [2019-05-06 15:48:19,861] logger.py [line:131] : {
    "method": "post",
    "url": "https://192.168.1.104:10033/api/admin/channel/v2/webchat/getanswer",
    "json": {
        "id": "0cced7d2-c755-438f-a44f-57bddd787184",
        "webtalkid": "0b8ade4002e14485941cdc3705ad5de3",
        "question": "\u6e05\u9664\u7f13\u5b58",
        "channels": "WebChat"
    },
    "headers": {
        "Access-Token": "B7D57FF6592EEC0E9EB2114C512D6DE2A1BB2C2B0C300BEB5B53140B0B602078",
        "Content-Type": "application/json"
    }
}
[DEBUG] [2019-05-06 15:48:20,503] logger.py [line:131] : 问题:清除缓存,Text的值是->None Header的值是->['我什么也不记得了...'] Image的值是->None
[INFO] [2019-05-06 15:48:21,145] logger.py [line:131] : Counter({'记得': 1})Counter({'记得': 1})1.0
[DEBUG] [2019-05-06 15:48:21,153] logger.py [line:131] : 当前问题是 => 招退工需要什么材料
[DEBUG] [2019-05-06 15:48:21,156] logger.py [line:131] : {
    "method": "post",
    "url": "https://192.168.1.104:10033/api/admin/channel/v2/webchat/getanswer",
    "json": {
        "id": "0cced7d2-c755-438f-a44f-57bddd787184",
        "webtalkid": "0b8ade4002e14485941cdc3705ad5de3",
        "question": "\u62db\u9000\u5de5\u9700\u8981\u4ec0\u4e48\u6750\u6599",
        "channels": "WebChat"
    },
    "headers": {
        "Access-Token": "B7D57FF6592EEC0E9EB2114C512D6DE2A1BB2C2B0C300BEB5B53140B0B602078",
        "Content-Type": "application/json"
    }
}
[DEBUG] [2019-05-06 15:48:22,234] logger.py [line:131] : 问题:招退工需要什么材料,Text的值是->None Header的值是->['请问需要办理备案的员工户籍是：'] Image的值是->None
[INFO] [2019-05-06 15:48:22,237] logger.py [line:131] : Counter({'请问': 1, '办理': 1, '备案': 1, '员工': 1, '户籍': 1})Counter({'请问': 1, '办理': 1, '备案': 1, '员工': 1, '户籍': 1})1.0
[DEBUG] [2019-05-06 15:48:22,239] logger.py [line:131] : 当前问题是 => 1
[DEBUG] [2019-05-06 15:48:22,241] logger.py [line:131] : {
    "method": "post",
    "url": "https://192.168.1.104:10033/api/admin/channel/v2/webchat/getanswer",
    "json": {
        "id": "0cced7d2-c755-438f-a44f-57bddd787184",
        "webtalkid": "0b8ade4002e14485941cdc3705ad5de3",
        "question": "1",
        "channels": "WebChat"
    },
    "headers": {
        "Access-Token": "B7D57FF6592EEC0E9EB2114C512D6DE2A1BB2C2B0C300BEB5B53140B0B602078",
        "Content-Type": "application/json"
    }
}
[DEBUG] [2019-05-06 15:48:22,457] logger.py [line:131] : 问题:1,Text的值是->None Header的值是->['请问您想咨询的是：'] Image的值是->None
[INFO] [2019-05-06 15:48:22,459] logger.py [line:131] : Counter({'退工': 1, '\n': 1, '招工': 1})Counter({'请问': 1, '想': 1, '咨询': 1})0.0
[DEBUG] [2019-05-06 15:48:22,460] logger.py [line:131] : 当前问题是 => 1
[DEBUG] [2019-05-06 15:48:22,463] logger.py [line:131] : {
    "method": "post",
    "url": "https://192.168.1.104:10033/api/admin/channel/v2/webchat/getanswer",
    "json": {
        "id": "0cced7d2-c755-438f-a44f-57bddd787184",
        "webtalkid": "0b8ade4002e14485941cdc3705ad5de3",
        "question": "1",
        "channels": "WebChat"
    },
    "headers": {
        "Access-Token": "B7D57FF6592EEC0E9EB2114C512D6DE2A1BB2C2B0C300BEB5B53140B0B602078",
        "Content-Type": "application/json"
    }
}
[DEBUG] [2019-05-06 15:48:22,677] logger.py [line:131] : 问题:1,Text的值是->None Header的值是->['请问您想咨询的是以下哪种情形：'] Image的值是->None
[INFO] [2019-05-06 15:48:22,679] logger.py [line:131] : Counter({'逾期': 2, '\n': 1, '未': 1, '自退工': 1, '之日起': 1, '30': 1, '天内': 1})Counter({'请问': 1, '想': 1, '咨询': 1, '情形': 1})0.0
[DEBUG] [2019-05-06 15:48:22,681] logger.py [line:131] : 当前问题是 => 1
[DEBUG] [2019-05-06 15:48:22,685] logger.py [line:131] : {
    "method": "post",
    "url": "https://192.168.1.104:10033/api/admin/channel/v2/webchat/getanswer",
    "json": {
        "id": "0cced7d2-c755-438f-a44f-57bddd787184",
        "webtalkid": "0b8ade4002e14485941cdc3705ad5de3",
        "question": "1",
        "channels": "WebChat"
    },
    "headers": {
        "Access-Token": "B7D57FF6592EEC0E9EB2114C512D6DE2A1BB2C2B0C300BEB5B53140B0B602078",
        "Content-Type": "application/json"
    }
}
[DEBUG] [2019-05-06 15:48:22,948] logger.py [line:131] : 问题:1,Text的值是->['《退工备案登记表（外来从业人员）》（一式二份）'] Header的值是->['您好！您的问题是：招退工备案的办理材料(外地户口|退工|逾期)'] Image的值是->['https://htxzznstoretest.blob.core.chinacloudapi.cn/xhxz/0cced7d2-c755-438f-a44f-57bddd787184/tgfbs02.jpg']
[INFO] [2019-05-06 15:48:22,952] logger.py [line:131] : Counter({'书面': 3, '材料': 2, '齐全': 2, '行政': 2, '中心': 2, '形式': 2, '审查': 2, '未': 2, '条件': 1, '符合': 1, '情况': 1, '前往': 1, '办理': 1, '窗口': 1, '工作人员': 1, '审核': 1, '核验': 1, '申请材料': 1, '要件': 1, '申报材料': 1, '性': 1, '符合规范': 1, '未填全': 1, '签字': 1, '盖章': 1, '作出': 1, '补正': 1, '一次性': 1, '告知': 1})Counter({'退工': 1, '备案': 1, '登记表': 1, '外来': 1, '从业人员': 1, '式': 1, '二份': 1})0.0
[DEBUG] [2019-05-06 15:48:22,954] logger.py [line:131] : 当前问题是 => 1
[DEBUG] [2019-05-06 15:48:22,958] logger.py [line:131] : {
    "method": "post",
    "url": "https://192.168.1.104:10033/api/admin/channel/v2/webchat/getanswer",
    "json": {
        "id": "0cced7d2-c755-438f-a44f-57bddd787184",
        "webtalkid": "0b8ade4002e14485941cdc3705ad5de3",
        "question": "1",
        "channels": "WebChat"
    },
    "headers": {
        "Access-Token": "B7D57FF6592EEC0E9EB2114C512D6DE2A1BB2C2B0C300BEB5B53140B0B602078",
        "Content-Type": "application/json"
    }
}
[DEBUG] [2019-05-06 15:48:23,224] logger.py [line:131] : 问题:1,Text的值是->['数字证书（法人一证通）；登录“上海市人力资源和社会保障网上自助经办平台”（网址：https://zzjb.12333sh.gov.cn/zzjbdl/jsp/login.jsp）“退工登记——退工登记办理”任务栏进行信息填报'] Header的值是->['您好！您的问题是：招退工备案的办理材料(外地户口|退工|未逾期（自退工之日起30天内）)'] Image的值是->None
[INFO] [2019-05-06 15:48:23,228] logger.py [line:131] : Counter({'招用': 2, '本市': 2, '劳动': 2, '关系': 2, '用人单位': 1, '户籍': 1, '劳动者': 1, '含': 1, '建立': 1, '标准': 1, '应自': 1, '之日起': 1, '30': 1, '日内': 1, '劳动保障部': 1, '门': 1, '所属': 1, '就业': 1, '中心': 1, '办妥': 1, '招工': 1, '登记': 1, '备案': 1, '手续': 1})Counter({'jsp': 2, '退工': 2, '登记': 2, '数字证书': 1, '法人': 1, '一证通': 1, '登录': 1, '上海市': 1, '人力资源': 1, '社会保障': 1, '网上': 1, '自助': 1, '经办': 1, '平台': 1, '网址': 1, 'https': 1, 'zzjb.12333': 1, 'sh': 1, 'gov': 1, 'cn': 1, 'zzjbdl': 1, 'login': 1, '办理': 1, '任务栏': 1, '信息': 1, '填报': 1})0.057
[DEBUG] [2019-05-06 15:48:23,229] logger.py [line:131] : 当前问题是 => 清除缓存
[DEBUG] [2019-05-06 15:48:23,233] logger.py [line:131] : {
    "method": "post",
    "url": "https://192.168.1.104:10033/api/admin/channel/v2/webchat/getanswer",
    "json": {
        "id": "0cced7d2-c755-438f-a44f-57bddd787184",
        "webtalkid": "0b8ade4002e14485941cdc3705ad5de3",
        "question": "\u6e05\u9664\u7f13\u5b58",
        "channels": "WebChat"
    },
    "headers": {
        "Access-Token": "B7D57FF6592EEC0E9EB2114C512D6DE2A1BB2C2B0C300BEB5B53140B0B602078",
        "Content-Type": "application/json"
    }
}
[DEBUG] [2019-05-06 15:48:23,347] logger.py [line:131] : 问题:清除缓存,Text的值是->None Header的值是->['我什么也不记得了...'] Image的值是->None
[INFO] [2019-05-06 15:48:23,349] logger.py [line:131] : Counter({'记得': 1})Counter({'记得': 1})1.0
[DEBUG] [2019-05-06 15:48:23,351] logger.py [line:131] : 当前问题是 => 招退工需要什么材料
[DEBUG] [2019-05-06 15:48:23,353] logger.py [line:131] : {
    "method": "post",
    "url": "https://192.168.1.104:10033/api/admin/channel/v2/webchat/getanswer",
    "json": {
        "id": "0cced7d2-c755-438f-a44f-57bddd787184",
        "webtalkid": "0b8ade4002e14485941cdc3705ad5de3",
        "question": "\u62db\u9000\u5de5\u9700\u8981\u4ec0\u4e48\u6750\u6599",
        "channels": "WebChat"
    },
    "headers": {
        "Access-Token": "B7D57FF6592EEC0E9EB2114C512D6DE2A1BB2C2B0C300BEB5B53140B0B602078",
        "Content-Type": "application/json"
    }
}
[DEBUG] [2019-05-06 15:48:23,997] logger.py [line:131] : 问题:招退工需要什么材料,Text的值是->None Header的值是->['请问需要办理备案的员工户籍是：'] Image的值是->None
[INFO] [2019-05-06 15:48:24,001] logger.py [line:131] : Counter({'请问': 1, '办理': 1, '备案': 1, '员工': 1, '户籍': 1})Counter({'请问': 1, '办理': 1, '备案': 1, '员工': 1, '户籍': 1})1.0
[DEBUG] [2019-05-06 15:48:24,002] logger.py [line:131] : 当前问题是 => 2
[DEBUG] [2019-05-06 15:48:24,005] logger.py [line:131] : {
    "method": "post",
    "url": "https://192.168.1.104:10033/api/admin/channel/v2/webchat/getanswer",
    "json": {
        "id": "0cced7d2-c755-438f-a44f-57bddd787184",
        "webtalkid": "0b8ade4002e14485941cdc3705ad5de3",
        "question": "2",
        "channels": "WebChat"
    },
    "headers": {
        "Access-Token": "B7D57FF6592EEC0E9EB2114C512D6DE2A1BB2C2B0C300BEB5B53140B0B602078",
        "Content-Type": "application/json"
    }
}
[DEBUG] [2019-05-06 15:48:24,229] logger.py [line:131] : 问题:2,Text的值是->None Header的值是->['请问您想咨询的是：'] Image的值是->None
[INFO] [2019-05-06 15:48:24,232] logger.py [line:131] : Counter({'退工': 1, '\n': 1, '招工': 1})Counter({'请问': 1, '想': 1, '咨询': 1})0.0
[DEBUG] [2019-05-06 15:48:24,234] logger.py [line:131] : 当前问题是 => 1
[DEBUG] [2019-05-06 15:48:24,239] logger.py [line:131] : {
    "method": "post",
    "url": "https://192.168.1.104:10033/api/admin/channel/v2/webchat/getanswer",
    "json": {
        "id": "0cced7d2-c755-438f-a44f-57bddd787184",
        "webtalkid": "0b8ade4002e14485941cdc3705ad5de3",
        "question": "1",
        "channels": "WebChat"
    },
    "headers": {
        "Access-Token": "B7D57FF6592EEC0E9EB2114C512D6DE2A1BB2C2B0C300BEB5B53140B0B602078",
        "Content-Type": "application/json"
    }
}
[DEBUG] [2019-05-06 15:48:24,458] logger.py [line:131] : 问题:1,Text的值是->None Header的值是->['请问您想咨询的是以下哪种情形：'] Image的值是->None
[INFO] [2019-05-06 15:48:24,462] logger.py [line:131] : Counter({'\n': 6, '逾期': 2, '个体': 1, '工商户': 1, '员工': 1, '姓名': 1, '生僻字': 1, '退档': 1, '变更': 1, '退工': 1, '时间': 1, '未': 1, '自退工': 1, '之日起': 1, '30': 1, '天内': 1, '恢复': 1, '用工': 1})Counter({'请问': 1, '想': 1, '咨询': 1, '情形': 1})0.0
[DEBUG] [2019-05-06 15:48:24,463] logger.py [line:131] : 当前问题是 => 1
[DEBUG] [2019-05-06 15:48:24,468] logger.py [line:131] : {
    "method": "post",
    "url": "https://192.168.1.104:10033/api/admin/channel/v2/webchat/getanswer",
    "json": {
        "id": "0cced7d2-c755-438f-a44f-57bddd787184",
        "webtalkid": "0b8ade4002e14485941cdc3705ad5de3",
        "question": "1",
        "channels": "WebChat"
    },
    "headers": {
        "Access-Token": "B7D57FF6592EEC0E9EB2114C512D6DE2A1BB2C2B0C300BEB5B53140B0B602078",
        "Content-Type": "application/json"
    }
}
[DEBUG] [2019-05-06 15:48:24,729] logger.py [line:131] : 问题:1,Text的值是->['上海市单位退工证明（一式四联） 原件x1'] Header的值是->['您好！您的问题是：招退工备案的办理材料(本市户口|退工|个体工商户)'] Image的值是->['https://htxzznstoretest.blob.core.chinacloudapi.cn/xhxz/0cced7d2-c755-438f-a44f-57bddd787184/tgbs02.jpg']
[INFO] [2019-05-06 15:48:24,733] logger.py [line:131] : Counter({'劳动': 3, '关系': 3, '用人单位': 1, '劳动者': 1, '终止': 1, '解除': 1, '工作': 1, '含': 1, '标准': 1, '应': 1, '15': 1, '日': 1, '内向': 1, '就业': 1, '中心': 1, '办妥': 1, '退工': 1, '登记': 1, '备案': 1, '手续': 1})Counter({'上海市': 1, '单位': 1, '退工': 1, '证明': 1, '式': 1, '四联': 1, ' ': 1, '原件': 1, 'x1': 1})0.111
[DEBUG] [2019-05-06 15:48:24,735] logger.py [line:131] : 当前问题是 => 1
[DEBUG] [2019-05-06 15:48:24,738] logger.py [line:131] : {
    "method": "post",
    "url": "https://192.168.1.104:10033/api/admin/channel/v2/webchat/getanswer",
    "json": {
        "id": "0cced7d2-c755-438f-a44f-57bddd787184",
        "webtalkid": "0b8ade4002e14485941cdc3705ad5de3",
        "question": "1",
        "channels": "WebChat"
    },
    "headers": {
        "Access-Token": "B7D57FF6592EEC0E9EB2114C512D6DE2A1BB2C2B0C300BEB5B53140B0B602078",
        "Content-Type": "application/json"
    }
}
[DEBUG] [2019-05-06 15:48:25,002] logger.py [line:131] : 问题:1,Text的值是->['上海市单位退工证明（一式四联） 原件x1'] Header的值是->['您好！您的问题是：招退工备案的办理材料(本市户口|退工|逾期)'] Image的值是->['https://htxzznstoretest.blob.core.chinacloudapi.cn/xhxz/0cced7d2-c755-438f-a44f-57bddd787184/tgbs02.jpg']
[INFO] [2019-05-06 15:48:25,008] logger.py [line:131] : Counter({'劳动': 3, '关系': 3, '用人单位': 1, '劳动者': 1, '终止': 1, '解除': 1, '工作': 1, '含': 1, '标准': 1, '应': 1, '15': 1, '日': 1, '内向': 1, '就业': 1, '中心': 1, '办妥': 1, '退工': 1, '登记': 1, '备案': 1, '手续': 1})Counter({'上海市': 1, '单位': 1, '退工': 1, '证明': 1, '式': 1, '四联': 1, ' ': 1, '原件': 1, 'x1': 1})0.111
[DEBUG] [2019-05-06 15:48:25,010] logger.py [line:131] : 当前问题是 => 2
[DEBUG] [2019-05-06 15:48:25,014] logger.py [line:131] : {
    "method": "post",
    "url": "https://192.168.1.104:10033/api/admin/channel/v2/webchat/getanswer",
    "json": {
        "id": "0cced7d2-c755-438f-a44f-57bddd787184",
        "webtalkid": "0b8ade4002e14485941cdc3705ad5de3",
        "question": "2",
        "channels": "WebChat"
    },
    "headers": {
        "Access-Token": "B7D57FF6592EEC0E9EB2114C512D6DE2A1BB2C2B0C300BEB5B53140B0B602078",
        "Content-Type": "application/json"
    }
}
[DEBUG] [2019-05-06 15:48:25,288] logger.py [line:131] : 问题:2,Text的值是->['上海市单位退工证明（一式四联） 原件x1'] Header的值是->['您好！您的问题是：招退工备案的办理材料(本市户口|退工|员工姓名存在生僻字)'] Image的值是->['https://htxzznstoretest.blob.core.chinacloudapi.cn/xhxz/0cced7d2-c755-438f-a44f-57bddd787184/tgbs02.jpg']
[INFO] [2019-05-06 15:48:25,294] logger.py [line:131] : Counter({'劳动': 3, '关系': 3, '用人单位': 1, '劳动者': 1, '终止': 1, '解除': 1, '工作': 1, '含': 1, '标准': 1, '应': 1, '15': 1, '日': 1, '内向': 1, '就业': 1, '中心': 1, '办妥': 1, '退工': 1, '登记': 1, '备案': 1, '手续': 1})Counter({'上海市': 1, '单位': 1, '退工': 1, '证明': 1, '式': 1, '四联': 1, ' ': 1, '原件': 1, 'x1': 1})0.111
[DEBUG] [2019-05-06 15:48:25,296] logger.py [line:131] : 当前问题是 => 3
[DEBUG] [2019-05-06 15:48:25,300] logger.py [line:131] : {
    "method": "post",
    "url": "https://192.168.1.104:10033/api/admin/channel/v2/webchat/getanswer",
    "json": {
        "id": "0cced7d2-c755-438f-a44f-57bddd787184",
        "webtalkid": "0b8ade4002e14485941cdc3705ad5de3",
        "question": "3",
        "channels": "WebChat"
    },
    "headers": {
        "Access-Token": "B7D57FF6592EEC0E9EB2114C512D6DE2A1BB2C2B0C300BEB5B53140B0B602078",
        "Content-Type": "application/json"
    }
}
[DEBUG] [2019-05-06 15:48:25,582] logger.py [line:131] : 问题:3,Text的值是->['1、上海市单位退工证明（一式四联）原件x1\n2、档案  原件x1'] Header的值是->['您好！您的问题是：招退工备案的办理材料(本市户口|退工|退档)'] Image的值是->['https://htxzznstoretest.blob.core.chinacloudapi.cn/xhxz/0cced7d2-c755-438f-a44f-57bddd787184/tgbs02.jpg']
[INFO] [2019-05-06 15:48:25,587] logger.py [line:131] : Counter({'劳动': 3, '关系': 3, '用人单位': 1, '劳动者': 1, '终止': 1, '解除': 1, '工作': 1, '含': 1, '标准': 1, '应': 1, '15': 1, '日': 1, '内向': 1, '就业': 1, '中心': 1, '办妥': 1, '退工': 1, '登记': 1, '备案': 1, '手续': 1})Counter({'原件': 2, 'x1': 2, ' ': 2, '上海市': 1, '单位': 1, '退工': 1, '证明': 1, '式': 1, '四联': 1, '\n': 1, '档案': 1})0.05
[DEBUG] [2019-05-06 15:48:25,589] logger.py [line:131] : 当前问题是 => 4
[DEBUG] [2019-05-06 15:48:25,594] logger.py [line:131] : {
    "method": "post",
    "url": "https://192.168.1.104:10033/api/admin/channel/v2/webchat/getanswer",
    "json": {
        "id": "0cced7d2-c755-438f-a44f-57bddd787184",
        "webtalkid": "0b8ade4002e14485941cdc3705ad5de3",
        "question": "4",
        "channels": "WebChat"
    },
    "headers": {
        "Access-Token": "B7D57FF6592EEC0E9EB2114C512D6DE2A1BB2C2B0C300BEB5B53140B0B602078",
        "Content-Type": "application/json"
    }
}
[DEBUG] [2019-05-06 15:48:25,891] logger.py [line:131] : 问题:4,Text的值是->['个人就业工作经历信息修改备案表  原件x1'] Header的值是->['您好！您的问题是：招退工备案的办理材料(本市户口|退工|变更退工时间)'] Image的值是->['https://htxzznstoretest.blob.core.chinacloudapi.cn/xhxz/0cced7d2-c755-438f-a44f-57bddd787184/tgbs05.jpg']
[INFO] [2019-05-06 15:48:25,896] logger.py [line:131] : Counter({'劳动': 3, '关系': 3, '用人单位': 1, '劳动者': 1, '终止': 1, '解除': 1, '工作': 1, '含': 1, '标准': 1, '应': 1, '15': 1, '日': 1, '内向': 1, '就业': 1, '中心': 1, '办妥': 1, '退工': 1, '登记': 1, '备案': 1, '手续': 1})Counter({' ': 2, '就业': 1, '工作': 1, '经历': 1, '信息': 1, '修改': 1, '备案': 1, '表': 1, '原件': 1, 'x1': 1})0.231
[DEBUG] [2019-05-06 15:48:25,897] logger.py [line:131] : 当前问题是 => 5
[DEBUG] [2019-05-06 15:48:25,900] logger.py [line:131] : {
    "method": "post",
    "url": "https://192.168.1.104:10033/api/admin/channel/v2/webchat/getanswer",
    "json": {
        "id": "0cced7d2-c755-438f-a44f-57bddd787184",
        "webtalkid": "0b8ade4002e14485941cdc3705ad5de3",
        "question": "5",
        "channels": "WebChat"
    },
    "headers": {
        "Access-Token": "B7D57FF6592EEC0E9EB2114C512D6DE2A1BB2C2B0C300BEB5B53140B0B602078",
        "Content-Type": "application/json"
    }
}
[DEBUG] [2019-05-06 15:48:26,275] logger.py [line:131] : 问题:5,Text的值是->['数字证书（法人一证通）；登录“上海市人力资源和社会保障网上自助经办平台”（网址：https://zzjb.12333sh.gov.cn/zzjbdl/jsp/login.jsp）“退工登记——退工登记办理”任务栏进行信息填报'] Header的值是->['您好！您的问题是：招退工备案的办理材料(本市户口|退工|未逾期（自退工之日起30天内）)'] Image的值是->None
[INFO] [2019-05-06 15:48:26,279] logger.py [line:131] : Counter({'劳动': 3, '关系': 3, '用人单位': 1, '劳动者': 1, '终止': 1, '解除': 1, '工作': 1, '含': 1, '标准': 1, '应': 1, '15': 1, '日': 1, '内向': 1, '就业': 1, '中心': 1, '办妥': 1, '退工': 1, '登记': 1, '备案': 1, '手续': 1})Counter({'jsp': 2, '退工': 2, '登记': 2, '数字证书': 1, '法人': 1, '一证通': 1, '登录': 1, '上海市': 1, '人力资源': 1, '社会保障': 1, '网上': 1, '自助': 1, '经办': 1, '平台': 1, '网址': 1, 'https': 1, 'zzjb.12333': 1, 'sh': 1, 'gov': 1, 'cn': 1, 'zzjbdl': 1, 'login': 1, '办理': 1, '任务栏': 1, '信息': 1, '填报': 1})0.114
[DEBUG] [2019-05-06 15:48:26,280] logger.py [line:131] : 当前问题是 => 6
[DEBUG] [2019-05-06 15:48:26,284] logger.py [line:131] : {
    "method": "post",
    "url": "https://192.168.1.104:10033/api/admin/channel/v2/webchat/getanswer",
    "json": {
        "id": "0cced7d2-c755-438f-a44f-57bddd787184",
        "webtalkid": "0b8ade4002e14485941cdc3705ad5de3",
        "question": "6",
        "channels": "WebChat"
    },
    "headers": {
        "Access-Token": "B7D57FF6592EEC0E9EB2114C512D6DE2A1BB2C2B0C300BEB5B53140B0B602078",
        "Content-Type": "application/json"
    }
}
[DEBUG] [2019-05-06 15:48:26,585] logger.py [line:131] : 问题:6,Text的值是->['个人就业工作经历信息修改备案表  原件x1'] Header的值是->['您好！您的问题是：招退工备案的办理材料(本市户口|退工|恢复用工)'] Image的值是->['https://htxzznstoretest.blob.core.chinacloudapi.cn/xhxz/0cced7d2-c755-438f-a44f-57bddd787184/tgbs08.jpg']
[INFO] [2019-05-06 15:48:26,589] logger.py [line:131] : Counter({'劳动': 3, '关系': 3, '用人单位': 1, '劳动者': 1, '终止': 1, '解除': 1, '工作': 1, '含': 1, '标准': 1, '应': 1, '15': 1, '日': 1, '内向': 1, '就业': 1, '中心': 1, '办妥': 1, '退工': 1, '登记': 1, '备案': 1, '手续': 1})Counter({' ': 2, '就业': 1, '工作': 1, '经历': 1, '信息': 1, '修改': 1, '备案': 1, '表': 1, '原件': 1, 'x1': 1})0.231
[DEBUG] [2019-05-06 15:48:26,591] logger.py [line:131] : 一共执行的测试集为{'招退工备案的办理材料': 'F:\\BotChatContrast\\work_flow\\招退工备案的办理材料.xlsx'}
[INFO] [2019-05-06 15:48:26,592] logger.py [line:131] : 本次运行的用例为招退工备案的办理材料 => F:\BotChatContrast\work_flow\招退工备案的办理材料.xlsx
[DEBUG] [2019-05-06 15:48:26,597] logger.py [line:131] : [{'question': '清除缓存', 'intent': '招退工备案的办理材料', 'knowledge': '我什么也不记得了...', '': ''}, {'question': '招退工需要什么材料', 'intent': '招退工备案的办理材料', 'knowledge': '请问需要办理备案的员工户籍是：', '': ''}, {'question': 1.0, 'intent': '招退工备案的办理材料', 'knowledge': ' 请问您想咨询的是：', '': '外地户口'}, {'question': 1.0, 'intent': '招退工备案的办理材料', 'knowledge': '1.逾期\n2.未逾期（自退工之日起30天内）\n\n', '': '退工'}, {'question': 1.0, 'intent': '招退工备案的办理材料', 'knowledge': '《退工备案登记表（外来从业人员）》（一式二份）', '': '逾期'}, {'question': 1.0, 'intent': '招退工备案的办理材料', 'knowledge': '数字证书（法人一证通）；登录“上海市人力资源和社会保障网上自助经办平台”（网址：https://zzjb.12333sh.gov.cn/zzjbdl/jsp/login.jsp）“退工登记——退工登记办理”任务栏进行信息填报', '': '未逾期'}, {'question': '清除缓存', 'intent': '招退工备案的办理材料', 'knowledge': '我什么也不记得了...', '': ''}, {'question': '招退工需要什么材料', 'intent': '招退工备案的办理材料', 'knowledge': '请问需要办理备案的员工户籍是：', '': ''}, {'question': 1.0, 'intent': '招退工备案的办理材料', 'knowledge': ' 请问您想咨询的是：', '': '外地户口'}, {'question': 2.0, 'intent': '招退工备案的办理材料', 'knowledge': '1.逾期（自签订劳动合同超过60天）\n2.未办理过个人信息初始化登记手续\n3.未逾期且已办理过个人信息初始化登记手续', '': '招工'}, {'question': 1.0, 'intent': '招退工备案的办理材料', 'knowledge': '外来从业人员用工备案登记表（一式二份），纸质材料，加盖公章。', '': '逾期'}, {'question': 1.0, 'intent': '招退工备案的办理材料', 'knowledge': '1、个人基本信息采集（变更）表，原件纸质版一份；需要粘贴规范粘贴身份证正反面；加盖公章\n2、个人基本信息采集汇总表(来沪人员)（一式二份）；加盖公章', '': '未办理过个人信息初始化登记手续'}, {'question': 2.0, 'intent': '招退工备案的办理材料', 'knowledge': '数字证书（法人一证通）；登录“上海市人力资源和社会保障网上自助经办平台”（网址：https://zzjb.12333sh.gov.cn/zzjbdl/jsp/login.jsp）“退工登记——退工登记办理”任务栏进行信息填报', '': '未逾期且已办理过个人信息初始化登记手续'}, {'question': '清除缓存', 'intent': '招退工备案的办理材料', 'knowledge': '我什么也不记得了...', '': ''}, {'question': '招退工需要什么材料', 'intent': '招退工备案的办理材料', 'knowledge': '请问需要办理备案的员工户籍是：', '': ''}, {'question': 2.0, 'intent': '招退工备案的办理材料', 'knowledge': ' 请问您想咨询的是：', '': '本地户口'}, {'question': 1.0, 'intent': '招退工备案的办理材料', 'knowledge': '1.个体工商户\n2.逾期\n3.员工姓名存在生僻字\n4.退档\n5.变更退工时间\n6.未逾期（自退工之日起30天内）\n7.恢复用工', '': '退工'}, {'question': 1.0, 'intent': '招退工备案的办理材料', 'knowledge': '上海市单位退工证明（一式四联） 原件x1', '': '个体商户'}, {'question': 1.0, 'intent': '招退工备案的办理材料', 'knowledge': '上海市单位退工证明（一式四联） 原件x1', '': '逾期'}, {'question': 2.0, 'intent': '招退工备案的办理材料', 'knowledge': '上海市单位退工证明（一式四联） 原件x1', '': '员工姓名存在生僻字'}, {'question': 3.0, 'intent': '招退工备案的办理材料', 'knowledge': '1、上海市单位退工证明（一式四联）原件x1\n2、档案  原件x1', '': '退档'}, {'question': 4.0, 'intent': '招退工备案的办理材料', 'knowledge': '个人就业工作经历信息修改备案表  原件x1', '': '变更退工时间'}, {'question': 5.0, 'intent': '招退工备案的办理材料', 'knowledge': '数字证书（法人一证通）；登录“上海市人力资源和社会保障网上自助经办平台”（网址：https://zzjb.12333sh.gov.cn/zzjbdl/jsp/login.jsp）“退工登记——退工登记办理”任务栏进行信息填报', '': '未逾期'}, {'question': 6.0, 'intent': '招退工备案的办理材料', 'knowledge': '个人就业工作经历信息修改备案表  原件x1', '': '恢复用工'}, {'question': '清除缓存', 'intent': '招退工备案的办理材料', 'knowledge': '我什么也不记得了...', '': ''}, {'question': '招退工需要什么材料', 'intent': '招退工备案的办理材料', 'knowledge': '请问需要办理备案的员工户籍是：', '': ''}, {'question': 2.0, 'intent': '招退工备案的办理材料', 'knowledge': ' 请问您想咨询的是：', '': '本地户口'}, {'question': 2.0, 'intent': '招退工备案的办理材料', 'knowledge': '1.未逾期（自签订劳动合同60天内）\n2.逾期超过一年\n3.变更用工形式\n4.个体工商户\n5.逾期不满一年\n6.变更招工时间\n7.员工姓名存在生僻字\n8.变更岗位\n9.删除招工记录', '': '招工'}, {'question': 1.0, 'intent': '招退工备案的办理材料', 'knowledge': '数字证书（法人一证通）；登录“上海市人力资源和社会保障网上自助经办平台”（网址：https://zzjb.12333sh.gov.cn/zzjbdl/jsp/login.jsp）“退工登记——退工登记办理”任务栏进行信息填报', '': '未逾期'}, {'question': 1.0, 'intent': '招退工备案的办理材料', 'knowledge': '1、上海市单位招用从业人员备案名册（一式三联）\n2、劳动合同 \n3、单位情况说明 ', '': '逾期超过一年'}, {'question': 2.0, 'intent': '招退工备案的办理材料', 'knowledge': '1、个人就业工作经历信息修改备案表\n2、劳动合同 ', '': '变更用工形式'}, {'question': 3.0, 'intent': '招退工备案的办理材料', 'knowledge': '上海市单位招用从业人员备案名册（一式三联）', '': '个体工商户'}, {'question': 4.0, 'intent': '招退工备案的办理材料', 'knowledge': '上海市单位招用从业人员备案名册（一式三联）', '': '.逾期不满一年'}, {'question': 5.0, 'intent': '招退工备案的办理材料', 'knowledge': '1、个人就业工作经历信息修改备案表\n2、劳动合同 ', '': '变更招工时间'}, {'question': 6.0, 'intent': '招退工备案的办理材料', 'knowledge': '上海市单位招用从业人员备案名册（一式三联）', '': '员工姓名存在生僻字'}, {'question': 7.0, 'intent': '招退工备案的办理材料', 'knowledge': '1、个人就业工作经历信息修改备案表\n2、劳动合同 ', '': '变更岗位'}, {'question': 8.0, 'intent': '招退工备案的办理材料', 'knowledge': '个人就业工作经历信息修改备案表', '': '删除招工记录'}]
[DEBUG] [2019-05-06 15:48:26,601] logger.py [line:131] : 当前问题是 => 清除缓存
[DEBUG] [2019-05-06 15:48:26,604] logger.py [line:131] : {
    "method": "post",
    "url": "https://192.168.1.104:10033/api/admin/channel/v2/webchat/getanswer",
    "json": {
        "id": "0cced7d2-c755-438f-a44f-57bddd787184",
        "webtalkid": "0b8ade4002e14485941cdc3705ad5de3",
        "question": "\u6e05\u9664\u7f13\u5b58",
        "channels": "WebChat"
    },
    "headers": {
        "Access-Token": "B7D57FF6592EEC0E9EB2114C512D6DE2A1BB2C2B0C300BEB5B53140B0B602078",
        "Content-Type": "application/json"
    }
}
[DEBUG] [2019-05-06 15:48:26,718] logger.py [line:131] : 问题:清除缓存,Text的值是->None Header的值是->['我什么也不记得了...'] Image的值是->None
[INFO] [2019-05-06 15:48:26,721] logger.py [line:131] : Counter({'记得': 1})Counter({'记得': 1})1.0
[DEBUG] [2019-05-06 15:48:26,722] logger.py [line:131] : 当前问题是 => 招退工需要什么材料
[DEBUG] [2019-05-06 15:48:26,725] logger.py [line:131] : {
    "method": "post",
    "url": "https://192.168.1.104:10033/api/admin/channel/v2/webchat/getanswer",
    "json": {
        "id": "0cced7d2-c755-438f-a44f-57bddd787184",
        "webtalkid": "0b8ade4002e14485941cdc3705ad5de3",
        "question": "\u62db\u9000\u5de5\u9700\u8981\u4ec0\u4e48\u6750\u6599",
        "channels": "WebChat"
    },
    "headers": {
        "Access-Token": "B7D57FF6592EEC0E9EB2114C512D6DE2A1BB2C2B0C300BEB5B53140B0B602078",
        "Content-Type": "application/json"
    }
}
[DEBUG] [2019-05-06 15:48:27,363] logger.py [line:131] : 问题:招退工需要什么材料,Text的值是->None Header的值是->['请问需要办理备案的员工户籍是：'] Image的值是->None
[INFO] [2019-05-06 15:48:27,367] logger.py [line:131] : Counter({'请问': 1, '办理': 1, '备案': 1, '员工': 1, '户籍': 1})Counter({'请问': 1, '办理': 1, '备案': 1, '员工': 1, '户籍': 1})1.0
[DEBUG] [2019-05-06 15:48:27,369] logger.py [line:131] : 当前问题是 => 1
[DEBUG] [2019-05-06 15:48:27,373] logger.py [line:131] : {
    "method": "post",
    "url": "https://192.168.1.104:10033/api/admin/channel/v2/webchat/getanswer",
    "json": {
        "id": "0cced7d2-c755-438f-a44f-57bddd787184",
        "webtalkid": "0b8ade4002e14485941cdc3705ad5de3",
        "question": "1",
        "channels": "WebChat"
    },
    "headers": {
        "Access-Token": "B7D57FF6592EEC0E9EB2114C512D6DE2A1BB2C2B0C300BEB5B53140B0B602078",
        "Content-Type": "application/json"
    }
}
[DEBUG] [2019-05-06 15:48:27,595] logger.py [line:131] : 问题:1,Text的值是->None Header的值是->['请问您想咨询的是：'] Image的值是->None
[INFO] [2019-05-06 15:48:27,599] logger.py [line:131] : Counter({' ': 1, '请问': 1, '想': 1, '咨询': 1})Counter({'请问': 1, '想': 1, '咨询': 1})1.0
[DEBUG] [2019-05-06 15:48:27,600] logger.py [line:131] : 当前问题是 => 1
[DEBUG] [2019-05-06 15:48:27,606] logger.py [line:131] : {
    "method": "post",
    "url": "https://192.168.1.104:10033/api/admin/channel/v2/webchat/getanswer",
    "json": {
        "id": "0cced7d2-c755-438f-a44f-57bddd787184",
        "webtalkid": "0b8ade4002e14485941cdc3705ad5de3",
        "question": "1",
        "channels": "WebChat"
    },
    "headers": {
        "Access-Token": "B7D57FF6592EEC0E9EB2114C512D6DE2A1BB2C2B0C300BEB5B53140B0B602078",
        "Content-Type": "application/json"
    }
}
[DEBUG] [2019-05-06 15:48:27,829] logger.py [line:131] : 问题:1,Text的值是->None Header的值是->['请问您想咨询的是以下哪种情形：'] Image的值是->None
[INFO] [2019-05-06 15:48:27,835] logger.py [line:131] : Counter({'\n': 3, '逾期': 2, '未': 1, '自退工': 1, '之日起': 1, '30': 1, '天内': 1})Counter({'请问': 1, '想': 1, '咨询': 1, '情形': 1})0.0
[DEBUG] [2019-05-06 15:48:27,837] logger.py [line:131] : 当前问题是 => 1
[DEBUG] [2019-05-06 15:48:27,842] logger.py [line:131] : {
    "method": "post",
    "url": "https://192.168.1.104:10033/api/admin/channel/v2/webchat/getanswer",
    "json": {
        "id": "0cced7d2-c755-438f-a44f-57bddd787184",
        "webtalkid": "0b8ade4002e14485941cdc3705ad5de3",
        "question": "1",
        "channels": "WebChat"
    },
    "headers": {
        "Access-Token": "B7D57FF6592EEC0E9EB2114C512D6DE2A1BB2C2B0C300BEB5B53140B0B602078",
        "Content-Type": "application/json"
    }
}
[DEBUG] [2019-05-06 15:48:28,110] logger.py [line:131] : 问题:1,Text的值是->['《退工备案登记表（外来从业人员）》（一式二份）'] Header的值是->['您好！您的问题是：招退工备案的办理材料(外地户口|退工|逾期)'] Image的值是->['https://htxzznstoretest.blob.core.chinacloudapi.cn/xhxz/0cced7d2-c755-438f-a44f-57bddd787184/tgfbs02.jpg']
[INFO] [2019-05-06 15:48:28,114] logger.py [line:131] : Counter({'退工': 1, '备案': 1, '登记表': 1, '外来': 1, '从业人员': 1, '式': 1, '二份': 1})Counter({'退工': 1, '备案': 1, '登记表': 1, '外来': 1, '从业人员': 1, '式': 1, '二份': 1})1.0
[DEBUG] [2019-05-06 15:48:28,115] logger.py [line:131] : 当前问题是 => 1
[DEBUG] [2019-05-06 15:48:28,120] logger.py [line:131] : {
    "method": "post",
    "url": "https://192.168.1.104:10033/api/admin/channel/v2/webchat/getanswer",
    "json": {
        "id": "0cced7d2-c755-438f-a44f-57bddd787184",
        "webtalkid": "0b8ade4002e14485941cdc3705ad5de3",
        "question": "1",
        "channels": "WebChat"
    },
    "headers": {
        "Access-Token": "B7D57FF6592EEC0E9EB2114C512D6DE2A1BB2C2B0C300BEB5B53140B0B602078",
        "Content-Type": "application/json"
    }
}
[DEBUG] [2019-05-06 15:48:28,391] logger.py [line:131] : 问题:1,Text的值是->['数字证书（法人一证通）；登录“上海市人力资源和社会保障网上自助经办平台”（网址：https://zzjb.12333sh.gov.cn/zzjbdl/jsp/login.jsp）“退工登记——退工登记办理”任务栏进行信息填报'] Header的值是->['您好！您的问题是：招退工备案的办理材料(外地户口|退工|未逾期（自退工之日起30天内）)'] Image的值是->None
[INFO] [2019-05-06 15:48:28,396] logger.py [line:131] : Counter({'退工': 2, '登记': 2, 'login': 1, 'jsp': 1, '办理': 1, '任务栏': 1, '信息': 1, '填报': 1})Counter({'jsp': 2, '退工': 2, '登记': 2, '数字证书': 1, '法人': 1, '一证通': 1, '登录': 1, '上海市': 1, '人力资源': 1, '社会保障': 1, '网上': 1, '自助': 1, '经办': 1, '平台': 1, '网址': 1, 'https': 1, 'zzjb.12333': 1, 'sh': 1, 'gov': 1, 'cn': 1, 'zzjbdl': 1, 'login': 1, '办理': 1, '任务栏': 1, '信息': 1, '填报': 1})0.429
[DEBUG] [2019-05-06 15:48:28,398] logger.py [line:131] : 当前问题是 => 清除缓存
[DEBUG] [2019-05-06 15:48:28,401] logger.py [line:131] : {
    "method": "post",
    "url": "https://192.168.1.104:10033/api/admin/channel/v2/webchat/getanswer",
    "json": {
        "id": "0cced7d2-c755-438f-a44f-57bddd787184",
        "webtalkid": "0b8ade4002e14485941cdc3705ad5de3",
        "question": "\u6e05\u9664\u7f13\u5b58",
        "channels": "WebChat"
    },
    "headers": {
        "Access-Token": "B7D57FF6592EEC0E9EB2114C512D6DE2A1BB2C2B0C300BEB5B53140B0B602078",
        "Content-Type": "application/json"
    }
}
[DEBUG] [2019-05-06 15:48:28,517] logger.py [line:131] : 问题:清除缓存,Text的值是->None Header的值是->['我什么也不记得了...'] Image的值是->None
[INFO] [2019-05-06 15:48:28,520] logger.py [line:131] : Counter({'记得': 1})Counter({'记得': 1})1.0
[DEBUG] [2019-05-06 15:48:28,521] logger.py [line:131] : 当前问题是 => 招退工需要什么材料
[DEBUG] [2019-05-06 15:48:28,524] logger.py [line:131] : {
    "method": "post",
    "url": "https://192.168.1.104:10033/api/admin/channel/v2/webchat/getanswer",
    "json": {
        "id": "0cced7d2-c755-438f-a44f-57bddd787184",
        "webtalkid": "0b8ade4002e14485941cdc3705ad5de3",
        "question": "\u62db\u9000\u5de5\u9700\u8981\u4ec0\u4e48\u6750\u6599",
        "channels": "WebChat"
    },
    "headers": {
        "Access-Token": "B7D57FF6592EEC0E9EB2114C512D6DE2A1BB2C2B0C300BEB5B53140B0B602078",
        "Content-Type": "application/json"
    }
}
[DEBUG] [2019-05-06 15:48:29,170] logger.py [line:131] : 问题:招退工需要什么材料,Text的值是->None Header的值是->['请问需要办理备案的员工户籍是：'] Image的值是->None
[INFO] [2019-05-06 15:48:29,172] logger.py [line:131] : Counter({'请问': 1, '办理': 1, '备案': 1, '员工': 1, '户籍': 1})Counter({'请问': 1, '办理': 1, '备案': 1, '员工': 1, '户籍': 1})1.0
[DEBUG] [2019-05-06 15:48:29,174] logger.py [line:131] : 当前问题是 => 1
[DEBUG] [2019-05-06 15:48:29,176] logger.py [line:131] : {
    "method": "post",
    "url": "https://192.168.1.104:10033/api/admin/channel/v2/webchat/getanswer",
    "json": {
        "id": "0cced7d2-c755-438f-a44f-57bddd787184",
        "webtalkid": "0b8ade4002e14485941cdc3705ad5de3",
        "question": "1",
        "channels": "WebChat"
    },
    "headers": {
        "Access-Token": "B7D57FF6592EEC0E9EB2114C512D6DE2A1BB2C2B0C300BEB5B53140B0B602078",
        "Content-Type": "application/json"
    }
}
[DEBUG] [2019-05-06 15:48:29,395] logger.py [line:131] : 问题:1,Text的值是->None Header的值是->['请问您想咨询的是：'] Image的值是->None
[INFO] [2019-05-06 15:48:29,397] logger.py [line:131] : Counter({' ': 1, '请问': 1, '想': 1, '咨询': 1})Counter({'请问': 1, '想': 1, '咨询': 1})1.0
[DEBUG] [2019-05-06 15:48:29,399] logger.py [line:131] : 当前问题是 => 2
[DEBUG] [2019-05-06 15:48:29,402] logger.py [line:131] : {
    "method": "post",
    "url": "https://192.168.1.104:10033/api/admin/channel/v2/webchat/getanswer",
    "json": {
        "id": "0cced7d2-c755-438f-a44f-57bddd787184",
        "webtalkid": "0b8ade4002e14485941cdc3705ad5de3",
        "question": "2",
        "channels": "WebChat"
    },
    "headers": {
        "Access-Token": "B7D57FF6592EEC0E9EB2114C512D6DE2A1BB2C2B0C300BEB5B53140B0B602078",
        "Content-Type": "application/json"
    }
}
[DEBUG] [2019-05-06 15:48:29,621] logger.py [line:131] : 问题:2,Text的值是->None Header的值是->['请问您想咨询的是以下哪种情形：'] Image的值是->None
[INFO] [2019-05-06 15:48:29,625] logger.py [line:131] : Counter({'逾期': 2, '\n': 2, '个人信息': 2, '初始化': 2, '登记手续': 2, '签订': 1, '劳动合同': 1, '超过': 1, '60': 1, '天': 1, '未办理': 1, '未': 1, '办理': 1})Counter({'请问': 1, '想': 1, '咨询': 1, '情形': 1})0.0
[DEBUG] [2019-05-06 15:48:29,627] logger.py [line:131] : 当前问题是 => 1
[DEBUG] [2019-05-06 15:48:29,630] logger.py [line:131] : {
    "method": "post",
    "url": "https://192.168.1.104:10033/api/admin/channel/v2/webchat/getanswer",
    "json": {
        "id": "0cced7d2-c755-438f-a44f-57bddd787184",
        "webtalkid": "0b8ade4002e14485941cdc3705ad5de3",
        "question": "1",
        "channels": "WebChat"
    },
    "headers": {
        "Access-Token": "B7D57FF6592EEC0E9EB2114C512D6DE2A1BB2C2B0C300BEB5B53140B0B602078",
        "Content-Type": "application/json"
    }
}
[DEBUG] [2019-05-06 15:48:29,890] logger.py [line:131] : 问题:1,Text的值是->['外来从业人员用工备案登记表（一式二份），纸质材料，加盖公章。'] Header的值是->['您好！您的问题是：招退工备案的办理材料(外地户口|招工|逾期（自签订劳动合同超过60天）)'] Image的值是->['https://htxzznstoretest.blob.core.chinacloudapi.cn/xhxz/0cced7d2-c755-438f-a44f-57bddd787184/zgfbs02_2.jpg', 'https://htxzznstoretest.blob.core.chinacloudapi.cn/xhxz/0cced7d2-c755-438f-a44f-57bddd787184/zgfbs02_1.jpg']
[INFO] [2019-05-06 15:48:29,894] logger.py [line:131] : Counter({'外来': 1, '从业人员': 1, '用工': 1, '备案': 1, '登记表': 1, '式': 1, '二份': 1, '纸质': 1, '材料': 1, '加盖': 1, '公章': 1})Counter({'外来': 1, '从业人员': 1, '用工': 1, '备案': 1, '登记表': 1, '式': 1, '二份': 1, '纸质': 1, '材料': 1, '加盖': 1, '公章': 1})1.0
[DEBUG] [2019-05-06 15:48:29,895] logger.py [line:131] : 当前问题是 => 1
[DEBUG] [2019-05-06 15:48:29,898] logger.py [line:131] : {
    "method": "post",
    "url": "https://192.168.1.104:10033/api/admin/channel/v2/webchat/getanswer",
    "json": {
        "id": "0cced7d2-c755-438f-a44f-57bddd787184",
        "webtalkid": "0b8ade4002e14485941cdc3705ad5de3",
        "question": "1",
        "channels": "WebChat"
    },
    "headers": {
        "Access-Token": "B7D57FF6592EEC0E9EB2114C512D6DE2A1BB2C2B0C300BEB5B53140B0B602078",
        "Content-Type": "application/json"
    }
}
[DEBUG] [2019-05-06 15:48:30,169] logger.py [line:131] : 问题:1,Text的值是->['1、个人基本信息采集（变更）表，原件纸质版一份；需要粘贴规范粘贴身份证正反面；加盖公章\n2、个人基本信息采集汇总表(来沪人员)（一式二份）；加盖公章'] Header的值是->['您好！您的问题是：招退工备案的办理材料(外地户口|招工|未办理过个人信息初始化登记手续)'] Image的值是->['https://htxzznstoretest.blob.core.chinacloudapi.cn/xhxz/0cced7d2-c755-438f-a44f-57bddd787184/zgfbs03_1.jpg', 'https://htxzznstoretest.blob.core.chinacloudapi.cn/xhxz/0cced7d2-c755-438f-a44f-57bddd787184/zgfbs03_2.jpg']
[INFO] [2019-05-06 15:48:30,175] logger.py [line:131] : Counter({'信息': 2, '采集': 2, '粘贴': 2, '加盖': 2, '公章': 2, '变更': 1, '表': 1, '原件': 1, '纸质': 1, '版': 1, '一份': 1, '规范': 1, '身份证': 1, '正反面': 1, '\n': 1, '汇总表': 1, '沪': 1, '人员': 1, '式': 1, '二份': 1})Counter({'信息': 2, '采集': 2, '粘贴': 2, '加盖': 2, '公章': 2, '变更': 1, '表': 1, '原件': 1, '纸质': 1, '版': 1, '一份': 1, '规范': 1, '身份证': 1, '正反面': 1, '\n': 1, '汇总表': 1, '沪': 1, '人员': 1, '式': 1, '二份': 1})1.0
[DEBUG] [2019-05-06 15:48:30,176] logger.py [line:131] : 当前问题是 => 2
[DEBUG] [2019-05-06 15:48:30,179] logger.py [line:131] : {
    "method": "post",
    "url": "https://192.168.1.104:10033/api/admin/channel/v2/webchat/getanswer",
    "json": {
        "id": "0cced7d2-c755-438f-a44f-57bddd787184",
        "webtalkid": "0b8ade4002e14485941cdc3705ad5de3",
        "question": "2",
        "channels": "WebChat"
    },
    "headers": {
        "Access-Token": "B7D57FF6592EEC0E9EB2114C512D6DE2A1BB2C2B0C300BEB5B53140B0B602078",
        "Content-Type": "application/json"
    }
}
[DEBUG] [2019-05-06 15:48:30,451] logger.py [line:131] : 问题:2,Text的值是->['数字证书（法人一证通）；登录“上海市人力资源和社会保障网上自助经办平台”（网址：https://zzjb.12333sh.gov.cn/zzjbdl/jsp/login.jsp）招工登记——“招工登记办理”任务栏进行信息填报'] Header的值是->['您好！您的问题是：招退工备案的办理材料(外地户口|招工|未逾期且已办理过个人信息初始化登记手续)'] Image的值是->None
[INFO] [2019-05-06 15:48:30,456] logger.py [line:131] : Counter({'退工': 2, '登记': 2, 'login': 1, 'jsp': 1, '办理': 1, '任务栏': 1, '信息': 1, '填报': 1})Counter({'jsp': 2, '招工': 2, '登记': 2, '数字证书': 1, '法人': 1, '一证通': 1, '登录': 1, '上海市': 1, '人力资源': 1, '社会保障': 1, '网上': 1, '自助': 1, '经办': 1, '平台': 1, '网址': 1, 'https': 1, 'zzjb.12333': 1, 'sh': 1, 'gov': 1, 'cn': 1, 'zzjbdl': 1, 'login': 1, '办理': 1, '任务栏': 1, '信息': 1, '填报': 1})0.314
[DEBUG] [2019-05-06 15:48:30,458] logger.py [line:131] : 当前问题是 => 清除缓存
[DEBUG] [2019-05-06 15:48:30,461] logger.py [line:131] : {
    "method": "post",
    "url": "https://192.168.1.104:10033/api/admin/channel/v2/webchat/getanswer",
    "json": {
        "id": "0cced7d2-c755-438f-a44f-57bddd787184",
        "webtalkid": "0b8ade4002e14485941cdc3705ad5de3",
        "question": "\u6e05\u9664\u7f13\u5b58",
        "channels": "WebChat"
    },
    "headers": {
        "Access-Token": "B7D57FF6592EEC0E9EB2114C512D6DE2A1BB2C2B0C300BEB5B53140B0B602078",
        "Content-Type": "application/json"
    }
}
[DEBUG] [2019-05-06 15:48:30,578] logger.py [line:131] : 问题:清除缓存,Text的值是->None Header的值是->['我什么也不记得了...'] Image的值是->None
[INFO] [2019-05-06 15:48:30,580] logger.py [line:131] : Counter({'记得': 1})Counter({'记得': 1})1.0
[DEBUG] [2019-05-06 15:48:30,582] logger.py [line:131] : 当前问题是 => 招退工需要什么材料
[DEBUG] [2019-05-06 15:48:30,585] logger.py [line:131] : {
    "method": "post",
    "url": "https://192.168.1.104:10033/api/admin/channel/v2/webchat/getanswer",
    "json": {
        "id": "0cced7d2-c755-438f-a44f-57bddd787184",
        "webtalkid": "0b8ade4002e14485941cdc3705ad5de3",
        "question": "\u62db\u9000\u5de5\u9700\u8981\u4ec0\u4e48\u6750\u6599",
        "channels": "WebChat"
    },
    "headers": {
        "Access-Token": "B7D57FF6592EEC0E9EB2114C512D6DE2A1BB2C2B0C300BEB5B53140B0B602078",
        "Content-Type": "application/json"
    }
}
[DEBUG] [2019-05-06 15:48:31,240] logger.py [line:131] : 问题:招退工需要什么材料,Text的值是->None Header的值是->['请问需要办理备案的员工户籍是：'] Image的值是->None
[INFO] [2019-05-06 15:48:31,243] logger.py [line:131] : Counter({'请问': 1, '办理': 1, '备案': 1, '员工': 1, '户籍': 1})Counter({'请问': 1, '办理': 1, '备案': 1, '员工': 1, '户籍': 1})1.0
[DEBUG] [2019-05-06 15:48:31,244] logger.py [line:131] : 当前问题是 => 2
[DEBUG] [2019-05-06 15:48:31,248] logger.py [line:131] : {
    "method": "post",
    "url": "https://192.168.1.104:10033/api/admin/channel/v2/webchat/getanswer",
    "json": {
        "id": "0cced7d2-c755-438f-a44f-57bddd787184",
        "webtalkid": "0b8ade4002e14485941cdc3705ad5de3",
        "question": "2",
        "channels": "WebChat"
    },
    "headers": {
        "Access-Token": "B7D57FF6592EEC0E9EB2114C512D6DE2A1BB2C2B0C300BEB5B53140B0B602078",
        "Content-Type": "application/json"
    }
}
[DEBUG] [2019-05-06 15:48:31,472] logger.py [line:131] : 问题:2,Text的值是->None Header的值是->['请问您想咨询的是：'] Image的值是->None
[INFO] [2019-05-06 15:48:31,474] logger.py [line:131] : Counter({' ': 1, '请问': 1, '想': 1, '咨询': 1})Counter({'请问': 1, '想': 1, '咨询': 1})1.0
[DEBUG] [2019-05-06 15:48:31,476] logger.py [line:131] : 当前问题是 => 1
[DEBUG] [2019-05-06 15:48:31,479] logger.py [line:131] : {
    "method": "post",
    "url": "https://192.168.1.104:10033/api/admin/channel/v2/webchat/getanswer",
    "json": {
        "id": "0cced7d2-c755-438f-a44f-57bddd787184",
        "webtalkid": "0b8ade4002e14485941cdc3705ad5de3",
        "question": "1",
        "channels": "WebChat"
    },
    "headers": {
        "Access-Token": "B7D57FF6592EEC0E9EB2114C512D6DE2A1BB2C2B0C300BEB5B53140B0B602078",
        "Content-Type": "application/json"
    }
}
[DEBUG] [2019-05-06 15:48:31,709] logger.py [line:131] : 问题:1,Text的值是->None Header的值是->['请问您想咨询的是以下哪种情形：'] Image的值是->None
[INFO] [2019-05-06 15:48:31,713] logger.py [line:131] : Counter({'\n': 6, '逾期': 2, '个体': 1, '工商户': 1, '员工': 1, '姓名': 1, '生僻字': 1, '退档': 1, '变更': 1, '退工': 1, '时间': 1, '未': 1, '自退工': 1, '之日起': 1, '30': 1, '天内': 1, '恢复': 1, '用工': 1})Counter({'请问': 1, '想': 1, '咨询': 1, '情形': 1})0.0
[DEBUG] [2019-05-06 15:48:31,715] logger.py [line:131] : 当前问题是 => 1
[DEBUG] [2019-05-06 15:48:31,721] logger.py [line:131] : {
    "method": "post",
    "url": "https://192.168.1.104:10033/api/admin/channel/v2/webchat/getanswer",
    "json": {
        "id": "0cced7d2-c755-438f-a44f-57bddd787184",
        "webtalkid": "0b8ade4002e14485941cdc3705ad5de3",
        "question": "1",
        "channels": "WebChat"
    },
    "headers": {
        "Access-Token": "B7D57FF6592EEC0E9EB2114C512D6DE2A1BB2C2B0C300BEB5B53140B0B602078",
        "Content-Type": "application/json"
    }
}
[DEBUG] [2019-05-06 15:48:31,985] logger.py [line:131] : 问题:1,Text的值是->['上海市单位退工证明（一式四联） 原件x1'] Header的值是->['您好！您的问题是：招退工备案的办理材料(本市户口|退工|个体工商户)'] Image的值是->['https://htxzznstoretest.blob.core.chinacloudapi.cn/xhxz/0cced7d2-c755-438f-a44f-57bddd787184/tgbs02.jpg']
[INFO] [2019-05-06 15:48:31,989] logger.py [line:131] : Counter({'上海市': 1, '单位': 1, '退工': 1, '证明': 1, '式': 1, '四联': 1, ' ': 1, '原件': 1, 'x1': 1})Counter({'上海市': 1, '单位': 1, '退工': 1, '证明': 1, '式': 1, '四联': 1, ' ': 1, '原件': 1, 'x1': 1})1.0
[DEBUG] [2019-05-06 15:48:31,991] logger.py [line:131] : 当前问题是 => 1
[DEBUG] [2019-05-06 15:48:31,994] logger.py [line:131] : {
    "method": "post",
    "url": "https://192.168.1.104:10033/api/admin/channel/v2/webchat/getanswer",
    "json": {
        "id": "0cced7d2-c755-438f-a44f-57bddd787184",
        "webtalkid": "0b8ade4002e14485941cdc3705ad5de3",
        "question": "1",
        "channels": "WebChat"
    },
    "headers": {
        "Access-Token": "B7D57FF6592EEC0E9EB2114C512D6DE2A1BB2C2B0C300BEB5B53140B0B602078",
        "Content-Type": "application/json"
    }
}
[DEBUG] [2019-05-06 15:48:32,257] logger.py [line:131] : 问题:1,Text的值是->['上海市单位退工证明（一式四联） 原件x1'] Header的值是->['您好！您的问题是：招退工备案的办理材料(本市户口|退工|逾期)'] Image的值是->['https://htxzznstoretest.blob.core.chinacloudapi.cn/xhxz/0cced7d2-c755-438f-a44f-57bddd787184/tgbs02.jpg']
[INFO] [2019-05-06 15:48:32,259] logger.py [line:131] : Counter({'上海市': 1, '单位': 1, '退工': 1, '证明': 1, '式': 1, '四联': 1, ' ': 1, '原件': 1, 'x1': 1})Counter({'上海市': 1, '单位': 1, '退工': 1, '证明': 1, '式': 1, '四联': 1, ' ': 1, '原件': 1, 'x1': 1})1.0
[DEBUG] [2019-05-06 15:48:32,261] logger.py [line:131] : 当前问题是 => 2
[DEBUG] [2019-05-06 15:48:32,266] logger.py [line:131] : {
    "method": "post",
    "url": "https://192.168.1.104:10033/api/admin/channel/v2/webchat/getanswer",
    "json": {
        "id": "0cced7d2-c755-438f-a44f-57bddd787184",
        "webtalkid": "0b8ade4002e14485941cdc3705ad5de3",
        "question": "2",
        "channels": "WebChat"
    },
    "headers": {
        "Access-Token": "B7D57FF6592EEC0E9EB2114C512D6DE2A1BB2C2B0C300BEB5B53140B0B602078",
        "Content-Type": "application/json"
    }
}
[DEBUG] [2019-05-06 15:48:32,538] logger.py [line:131] : 问题:2,Text的值是->['上海市单位退工证明（一式四联） 原件x1'] Header的值是->['您好！您的问题是：招退工备案的办理材料(本市户口|退工|员工姓名存在生僻字)'] Image的值是->['https://htxzznstoretest.blob.core.chinacloudapi.cn/xhxz/0cced7d2-c755-438f-a44f-57bddd787184/tgbs02.jpg']
[INFO] [2019-05-06 15:48:32,540] logger.py [line:131] : Counter({'上海市': 1, '单位': 1, '退工': 1, '证明': 1, '式': 1, '四联': 1, ' ': 1, '原件': 1, 'x1': 1})Counter({'上海市': 1, '单位': 1, '退工': 1, '证明': 1, '式': 1, '四联': 1, ' ': 1, '原件': 1, 'x1': 1})1.0
[DEBUG] [2019-05-06 15:48:32,542] logger.py [line:131] : 当前问题是 => 3
[DEBUG] [2019-05-06 15:48:32,545] logger.py [line:131] : {
    "method": "post",
    "url": "https://192.168.1.104:10033/api/admin/channel/v2/webchat/getanswer",
    "json": {
        "id": "0cced7d2-c755-438f-a44f-57bddd787184",
        "webtalkid": "0b8ade4002e14485941cdc3705ad5de3",
        "question": "3",
        "channels": "WebChat"
    },
    "headers": {
        "Access-Token": "B7D57FF6592EEC0E9EB2114C512D6DE2A1BB2C2B0C300BEB5B53140B0B602078",
        "Content-Type": "application/json"
    }
}
[DEBUG] [2019-05-06 15:48:32,834] logger.py [line:131] : 问题:3,Text的值是->['1、上海市单位退工证明（一式四联）原件x1\n2、档案  原件x1'] Header的值是->['您好！您的问题是：招退工备案的办理材料(本市户口|退工|退档)'] Image的值是->['https://htxzznstoretest.blob.core.chinacloudapi.cn/xhxz/0cced7d2-c755-438f-a44f-57bddd787184/tgbs02.jpg']
[INFO] [2019-05-06 15:48:32,839] logger.py [line:131] : Counter({'原件': 2, 'x1': 2, ' ': 2, '上海市': 1, '单位': 1, '退工': 1, '证明': 1, '式': 1, '四联': 1, '\n': 1, '档案': 1})Counter({'原件': 2, 'x1': 2, ' ': 2, '上海市': 1, '单位': 1, '退工': 1, '证明': 1, '式': 1, '四联': 1, '\n': 1, '档案': 1})1.0
[DEBUG] [2019-05-06 15:48:32,841] logger.py [line:131] : 当前问题是 => 4
[DEBUG] [2019-05-06 15:48:32,845] logger.py [line:131] : {
    "method": "post",
    "url": "https://192.168.1.104:10033/api/admin/channel/v2/webchat/getanswer",
    "json": {
        "id": "0cced7d2-c755-438f-a44f-57bddd787184",
        "webtalkid": "0b8ade4002e14485941cdc3705ad5de3",
        "question": "4",
        "channels": "WebChat"
    },
    "headers": {
        "Access-Token": "B7D57FF6592EEC0E9EB2114C512D6DE2A1BB2C2B0C300BEB5B53140B0B602078",
        "Content-Type": "application/json"
    }
}
[DEBUG] [2019-05-06 15:48:33,122] logger.py [line:131] : 问题:4,Text的值是->['个人就业工作经历信息修改备案表  原件x1'] Header的值是->['您好！您的问题是：招退工备案的办理材料(本市户口|退工|变更退工时间)'] Image的值是->['https://htxzznstoretest.blob.core.chinacloudapi.cn/xhxz/0cced7d2-c755-438f-a44f-57bddd787184/tgbs05.jpg']
[INFO] [2019-05-06 15:48:33,127] logger.py [line:131] : Counter({' ': 2, '就业': 1, '工作': 1, '经历': 1, '信息': 1, '修改': 1, '备案': 1, '表': 1, '原件': 1, 'x1': 1})Counter({' ': 2, '就业': 1, '工作': 1, '经历': 1, '信息': 1, '修改': 1, '备案': 1, '表': 1, '原件': 1, 'x1': 1})1.0
[DEBUG] [2019-05-06 15:48:33,128] logger.py [line:131] : 当前问题是 => 5
[DEBUG] [2019-05-06 15:48:33,133] logger.py [line:131] : {
    "method": "post",
    "url": "https://192.168.1.104:10033/api/admin/channel/v2/webchat/getanswer",
    "json": {
        "id": "0cced7d2-c755-438f-a44f-57bddd787184",
        "webtalkid": "0b8ade4002e14485941cdc3705ad5de3",
        "question": "5",
        "channels": "WebChat"
    },
    "headers": {
        "Access-Token": "B7D57FF6592EEC0E9EB2114C512D6DE2A1BB2C2B0C300BEB5B53140B0B602078",
        "Content-Type": "application/json"
    }
}
[DEBUG] [2019-05-06 15:48:33,493] logger.py [line:131] : 问题:5,Text的值是->['数字证书（法人一证通）；登录“上海市人力资源和社会保障网上自助经办平台”（网址：https://zzjb.12333sh.gov.cn/zzjbdl/jsp/login.jsp）“退工登记——退工登记办理”任务栏进行信息填报'] Header的值是->['您好！您的问题是：招退工备案的办理材料(本市户口|退工|未逾期（自退工之日起30天内）)'] Image的值是->None
[INFO] [2019-05-06 15:48:33,502] logger.py [line:131] : Counter({'退工': 2, '登记': 2, 'login': 1, 'jsp': 1, '办理': 1, '任务栏': 1, '信息': 1, '填报': 1})Counter({'jsp': 2, '退工': 2, '登记': 2, '数字证书': 1, '法人': 1, '一证通': 1, '登录': 1, '上海市': 1, '人力资源': 1, '社会保障': 1, '网上': 1, '自助': 1, '经办': 1, '平台': 1, '网址': 1, 'https': 1, 'zzjb.12333': 1, 'sh': 1, 'gov': 1, 'cn': 1, 'zzjbdl': 1, 'login': 1, '办理': 1, '任务栏': 1, '信息': 1, '填报': 1})0.429
[DEBUG] [2019-05-06 15:48:33,505] logger.py [line:131] : 当前问题是 => 6
[DEBUG] [2019-05-06 15:48:33,509] logger.py [line:131] : {
    "method": "post",
    "url": "https://192.168.1.104:10033/api/admin/channel/v2/webchat/getanswer",
    "json": {
        "id": "0cced7d2-c755-438f-a44f-57bddd787184",
        "webtalkid": "0b8ade4002e14485941cdc3705ad5de3",
        "question": "6",
        "channels": "WebChat"
    },
    "headers": {
        "Access-Token": "B7D57FF6592EEC0E9EB2114C512D6DE2A1BB2C2B0C300BEB5B53140B0B602078",
        "Content-Type": "application/json"
    }
}
[DEBUG] [2019-05-06 15:48:33,832] logger.py [line:131] : 问题:6,Text的值是->['个人就业工作经历信息修改备案表  原件x1'] Header的值是->['您好！您的问题是：招退工备案的办理材料(本市户口|退工|恢复用工)'] Image的值是->['https://htxzznstoretest.blob.core.chinacloudapi.cn/xhxz/0cced7d2-c755-438f-a44f-57bddd787184/tgbs08.jpg']
[INFO] [2019-05-06 15:48:33,835] logger.py [line:131] : Counter({' ': 2, '就业': 1, '工作': 1, '经历': 1, '信息': 1, '修改': 1, '备案': 1, '表': 1, '原件': 1, 'x1': 1})Counter({' ': 2, '就业': 1, '工作': 1, '经历': 1, '信息': 1, '修改': 1, '备案': 1, '表': 1, '原件': 1, 'x1': 1})1.0
[DEBUG] [2019-05-06 15:48:33,837] logger.py [line:131] : 当前问题是 => 清除缓存
[DEBUG] [2019-05-06 15:48:33,841] logger.py [line:131] : {
    "method": "post",
    "url": "https://192.168.1.104:10033/api/admin/channel/v2/webchat/getanswer",
    "json": {
        "id": "0cced7d2-c755-438f-a44f-57bddd787184",
        "webtalkid": "0b8ade4002e14485941cdc3705ad5de3",
        "question": "\u6e05\u9664\u7f13\u5b58",
        "channels": "WebChat"
    },
    "headers": {
        "Access-Token": "B7D57FF6592EEC0E9EB2114C512D6DE2A1BB2C2B0C300BEB5B53140B0B602078",
        "Content-Type": "application/json"
    }
}
[DEBUG] [2019-05-06 15:48:33,954] logger.py [line:131] : 问题:清除缓存,Text的值是->None Header的值是->['我什么也不记得了...'] Image的值是->None
[INFO] [2019-05-06 15:48:33,957] logger.py [line:131] : Counter({'记得': 1})Counter({'记得': 1})1.0
[DEBUG] [2019-05-06 15:48:33,958] logger.py [line:131] : 当前问题是 => 招退工需要什么材料
[DEBUG] [2019-05-06 15:48:33,962] logger.py [line:131] : {
    "method": "post",
    "url": "https://192.168.1.104:10033/api/admin/channel/v2/webchat/getanswer",
    "json": {
        "id": "0cced7d2-c755-438f-a44f-57bddd787184",
        "webtalkid": "0b8ade4002e14485941cdc3705ad5de3",
        "question": "\u62db\u9000\u5de5\u9700\u8981\u4ec0\u4e48\u6750\u6599",
        "channels": "WebChat"
    },
    "headers": {
        "Access-Token": "B7D57FF6592EEC0E9EB2114C512D6DE2A1BB2C2B0C300BEB5B53140B0B602078",
        "Content-Type": "application/json"
    }
}
[DEBUG] [2019-05-06 15:48:34,609] logger.py [line:131] : 问题:招退工需要什么材料,Text的值是->None Header的值是->['请问需要办理备案的员工户籍是：'] Image的值是->None
[INFO] [2019-05-06 15:48:34,612] logger.py [line:131] : Counter({'请问': 1, '办理': 1, '备案': 1, '员工': 1, '户籍': 1})Counter({'请问': 1, '办理': 1, '备案': 1, '员工': 1, '户籍': 1})1.0
[DEBUG] [2019-05-06 15:48:34,613] logger.py [line:131] : 当前问题是 => 2
[DEBUG] [2019-05-06 15:48:34,617] logger.py [line:131] : {
    "method": "post",
    "url": "https://192.168.1.104:10033/api/admin/channel/v2/webchat/getanswer",
    "json": {
        "id": "0cced7d2-c755-438f-a44f-57bddd787184",
        "webtalkid": "0b8ade4002e14485941cdc3705ad5de3",
        "question": "2",
        "channels": "WebChat"
    },
    "headers": {
        "Access-Token": "B7D57FF6592EEC0E9EB2114C512D6DE2A1BB2C2B0C300BEB5B53140B0B602078",
        "Content-Type": "application/json"
    }
}
[DEBUG] [2019-05-06 15:48:34,826] logger.py [line:131] : 问题:2,Text的值是->None Header的值是->['请问您想咨询的是：'] Image的值是->None
[INFO] [2019-05-06 15:48:34,830] logger.py [line:131] : Counter({' ': 1, '请问': 1, '想': 1, '咨询': 1})Counter({'请问': 1, '想': 1, '咨询': 1})1.0
[DEBUG] [2019-05-06 15:48:34,833] logger.py [line:131] : 当前问题是 => 2
[DEBUG] [2019-05-06 15:48:34,835] logger.py [line:131] : {
    "method": "post",
    "url": "https://192.168.1.104:10033/api/admin/channel/v2/webchat/getanswer",
    "json": {
        "id": "0cced7d2-c755-438f-a44f-57bddd787184",
        "webtalkid": "0b8ade4002e14485941cdc3705ad5de3",
        "question": "2",
        "channels": "WebChat"
    },
    "headers": {
        "Access-Token": "B7D57FF6592EEC0E9EB2114C512D6DE2A1BB2C2B0C300BEB5B53140B0B602078",
        "Content-Type": "application/json"
    }
}
[DEBUG] [2019-05-06 15:48:35,052] logger.py [line:131] : 问题:2,Text的值是->None Header的值是->['请问您想咨询的是以下哪种情形：'] Image的值是->None
[INFO] [2019-05-06 15:48:35,056] logger.py [line:131] : Counter({'\n': 8, '逾期': 3, '变更': 3, '一年': 2, '招工': 2, '未': 1, '签订': 1, '劳动合同': 1, '60': 1, '天内': 1, '超过': 1, '用工': 1, '形式': 1, '个体': 1, '工商户': 1, '时间': 1, '员工': 1, '姓名': 1, '生僻字': 1, '岗位': 1, '删除': 1, '记录': 1})Counter({'请问': 1, '想': 1, '咨询': 1, '情形': 1})0.0
[DEBUG] [2019-05-06 15:48:35,057] logger.py [line:131] : 当前问题是 => 1
[DEBUG] [2019-05-06 15:48:35,060] logger.py [line:131] : {
    "method": "post",
    "url": "https://192.168.1.104:10033/api/admin/channel/v2/webchat/getanswer",
    "json": {
        "id": "0cced7d2-c755-438f-a44f-57bddd787184",
        "webtalkid": "0b8ade4002e14485941cdc3705ad5de3",
        "question": "1",
        "channels": "WebChat"
    },
    "headers": {
        "Access-Token": "B7D57FF6592EEC0E9EB2114C512D6DE2A1BB2C2B0C300BEB5B53140B0B602078",
        "Content-Type": "application/json"
    }
}
[DEBUG] [2019-05-06 15:48:35,324] logger.py [line:131] : 问题:1,Text的值是->['数字证书（法人一证通）；登录“上海市人力资源和社会保障网上自助经办平台”（网址：https://zzjb.12333sh.gov.cn/zzjbdl/jsp/login.jsp）招工登记——“招工登记办理”任务栏进行信息填报'] Header的值是->['您好！您的问题是：招退工备案的办理材料(本市户口|招工|未逾期（自签订劳动合同60天内）)'] Image的值是->None
[INFO] [2019-05-06 15:48:35,328] logger.py [line:131] : Counter({'退工': 2, '登记': 2, 'login': 1, 'jsp': 1, '办理': 1, '任务栏': 1, '信息': 1, '填报': 1})Counter({'jsp': 2, '招工': 2, '登记': 2, '数字证书': 1, '法人': 1, '一证通': 1, '登录': 1, '上海市': 1, '人力资源': 1, '社会保障': 1, '网上': 1, '自助': 1, '经办': 1, '平台': 1, '网址': 1, 'https': 1, 'zzjb.12333': 1, 'sh': 1, 'gov': 1, 'cn': 1, 'zzjbdl': 1, 'login': 1, '办理': 1, '任务栏': 1, '信息': 1, '填报': 1})0.314
[DEBUG] [2019-05-06 15:48:35,329] logger.py [line:131] : 当前问题是 => 1
[DEBUG] [2019-05-06 15:48:35,333] logger.py [line:131] : {
    "method": "post",
    "url": "https://192.168.1.104:10033/api/admin/channel/v2/webchat/getanswer",
    "json": {
        "id": "0cced7d2-c755-438f-a44f-57bddd787184",
        "webtalkid": "0b8ade4002e14485941cdc3705ad5de3",
        "question": "1",
        "channels": "WebChat"
    },
    "headers": {
        "Access-Token": "B7D57FF6592EEC0E9EB2114C512D6DE2A1BB2C2B0C300BEB5B53140B0B602078",
        "Content-Type": "application/json"
    }
}
[DEBUG] [2019-05-06 15:48:35,604] logger.py [line:131] : 问题:1,Text的值是->['1、上海市单位招用从业人员备案名册（一式三联）\n2、劳动合同 \n3、单位情况说明 '] Header的值是->['您好！您的问题是：招退工备案的办理材料(本市户口|招工|逾期超过一年)'] Image的值是->['https://htxzznstoretest.blob.core.chinacloudapi.cn/xhxz/0cced7d2-c755-438f-a44f-57bddd787184/zgbs05.jpg']
[INFO] [2019-05-06 15:48:35,609] logger.py [line:131] : Counter({'单位': 2, '\n': 2, ' ': 2, '上海市': 1, '招用': 1, '从业人员': 1, '备案': 1, '名册': 1, '式': 1, '三联': 1, '劳动合同': 1, '情况': 1})Counter({'单位': 2, '\n': 2, '上海市': 1, '招用': 1, '从业人员': 1, '备案': 1, '名册': 1, '式': 1, '三联': 1, '劳动合同': 1, ' ': 1, '情况': 1})1.056
[DEBUG] [2019-05-06 15:48:35,610] logger.py [line:131] : 当前问题是 => 2
[DEBUG] [2019-05-06 15:48:35,615] logger.py [line:131] : {
    "method": "post",
    "url": "https://192.168.1.104:10033/api/admin/channel/v2/webchat/getanswer",
    "json": {
        "id": "0cced7d2-c755-438f-a44f-57bddd787184",
        "webtalkid": "0b8ade4002e14485941cdc3705ad5de3",
        "question": "2",
        "channels": "WebChat"
    },
    "headers": {
        "Access-Token": "B7D57FF6592EEC0E9EB2114C512D6DE2A1BB2C2B0C300BEB5B53140B0B602078",
        "Content-Type": "application/json"
    }
}
[DEBUG] [2019-05-06 15:48:35,891] logger.py [line:131] : 问题:2,Text的值是->['1、个人就业工作经历信息修改备案表\n2、劳动合同 '] Header的值是->['您好！您的问题是：招退工备案的办理材料(本市户口|招工|变更用工形式)'] Image的值是->['https://htxzznstoretest.blob.core.chinacloudapi.cn/xhxz/0cced7d2-c755-438f-a44f-57bddd787184/zgbs10.jpg']
[INFO] [2019-05-06 15:48:35,894] logger.py [line:131] : Counter({'就业': 1, '工作': 1, '经历': 1, '信息': 1, '修改': 1, '备案': 1, '表': 1, '\n': 1, '劳动合同': 1, ' ': 1})Counter({'就业': 1, '工作': 1, '经历': 1, '信息': 1, '修改': 1, '备案': 1, '表': 1, '\n': 1, '劳动合同': 1})1.0
[DEBUG] [2019-05-06 15:48:35,896] logger.py [line:131] : 当前问题是 => 3
[DEBUG] [2019-05-06 15:48:35,900] logger.py [line:131] : {
    "method": "post",
    "url": "https://192.168.1.104:10033/api/admin/channel/v2/webchat/getanswer",
    "json": {
        "id": "0cced7d2-c755-438f-a44f-57bddd787184",
        "webtalkid": "0b8ade4002e14485941cdc3705ad5de3",
        "question": "3",
        "channels": "WebChat"
    },
    "headers": {
        "Access-Token": "B7D57FF6592EEC0E9EB2114C512D6DE2A1BB2C2B0C300BEB5B53140B0B602078",
        "Content-Type": "application/json"
    }
}
[DEBUG] [2019-05-06 15:48:36,187] logger.py [line:131] : 问题:3,Text的值是->['上海市单位招用从业人员备案名册（一式三联）'] Header的值是->['您好！您的问题是：招退工备案的办理材料(本市户口|招工|个体工商户)'] Image的值是->['https://htxzznstoretest.blob.core.chinacloudapi.cn/xhxz/0cced7d2-c755-438f-a44f-57bddd787184/zgbs05.jpg']
[INFO] [2019-05-06 15:48:36,190] logger.py [line:131] : Counter({'上海市': 1, '单位': 1, '招用': 1, '从业人员': 1, '备案': 1, '名册': 1, '式': 1, '三联': 1})Counter({'上海市': 1, '单位': 1, '招用': 1, '从业人员': 1, '备案': 1, '名册': 1, '式': 1, '三联': 1})1.0
[DEBUG] [2019-05-06 15:48:36,192] logger.py [line:131] : 当前问题是 => 4
[DEBUG] [2019-05-06 15:48:36,195] logger.py [line:131] : {
    "method": "post",
    "url": "https://192.168.1.104:10033/api/admin/channel/v2/webchat/getanswer",
    "json": {
        "id": "0cced7d2-c755-438f-a44f-57bddd787184",
        "webtalkid": "0b8ade4002e14485941cdc3705ad5de3",
        "question": "4",
        "channels": "WebChat"
    },
    "headers": {
        "Access-Token": "B7D57FF6592EEC0E9EB2114C512D6DE2A1BB2C2B0C300BEB5B53140B0B602078",
        "Content-Type": "application/json"
    }
}
[DEBUG] [2019-05-06 15:48:36,486] logger.py [line:131] : 问题:4,Text的值是->['上海市单位招用从业人员备案名册（一式三联）'] Header的值是->['您好！您的问题是：招退工备案的办理材料(本市户口|招工|逾期不满一年)'] Image的值是->['https://htxzznstoretest.blob.core.chinacloudapi.cn/xhxz/0cced7d2-c755-438f-a44f-57bddd787184/zgbs05.jpg']
[INFO] [2019-05-06 15:48:36,490] logger.py [line:131] : Counter({'上海市': 1, '单位': 1, '招用': 1, '从业人员': 1, '备案': 1, '名册': 1, '式': 1, '三联': 1})Counter({'上海市': 1, '单位': 1, '招用': 1, '从业人员': 1, '备案': 1, '名册': 1, '式': 1, '三联': 1})1.0
[DEBUG] [2019-05-06 15:48:36,491] logger.py [line:131] : 当前问题是 => 5
[DEBUG] [2019-05-06 15:48:36,494] logger.py [line:131] : {
    "method": "post",
    "url": "https://192.168.1.104:10033/api/admin/channel/v2/webchat/getanswer",
    "json": {
        "id": "0cced7d2-c755-438f-a44f-57bddd787184",
        "webtalkid": "0b8ade4002e14485941cdc3705ad5de3",
        "question": "5",
        "channels": "WebChat"
    },
    "headers": {
        "Access-Token": "B7D57FF6592EEC0E9EB2114C512D6DE2A1BB2C2B0C300BEB5B53140B0B602078",
        "Content-Type": "application/json"
    }
}
[DEBUG] [2019-05-06 15:48:36,802] logger.py [line:131] : 问题:5,Text的值是->['1、个人就业工作经历信息修改备案表\n2、劳动合同 '] Header的值是->['您好！您的问题是：招退工备案的办理材料(本市户口|招工|变更招工时间)'] Image的值是->['https://htxzznstoretest.blob.core.chinacloudapi.cn/xhxz/0cced7d2-c755-438f-a44f-57bddd787184/zgbs10.jpg']
[INFO] [2019-05-06 15:48:36,804] logger.py [line:131] : Counter({'就业': 1, '工作': 1, '经历': 1, '信息': 1, '修改': 1, '备案': 1, '表': 1, '\n': 1, '劳动合同': 1, ' ': 1})Counter({'就业': 1, '工作': 1, '经历': 1, '信息': 1, '修改': 1, '备案': 1, '表': 1, '\n': 1, '劳动合同': 1})1.0
[DEBUG] [2019-05-06 15:48:36,806] logger.py [line:131] : 当前问题是 => 6
[DEBUG] [2019-05-06 15:48:36,809] logger.py [line:131] : {
    "method": "post",
    "url": "https://192.168.1.104:10033/api/admin/channel/v2/webchat/getanswer",
    "json": {
        "id": "0cced7d2-c755-438f-a44f-57bddd787184",
        "webtalkid": "0b8ade4002e14485941cdc3705ad5de3",
        "question": "6",
        "channels": "WebChat"
    },
    "headers": {
        "Access-Token": "B7D57FF6592EEC0E9EB2114C512D6DE2A1BB2C2B0C300BEB5B53140B0B602078",
        "Content-Type": "application/json"
    }
}
[DEBUG] [2019-05-06 15:48:37,110] logger.py [line:131] : 问题:6,Text的值是->['上海市单位招用从业人员备案名册（一式三联）'] Header的值是->['您好！您的问题是：招退工备案的办理材料(本市户口|招工|员工姓名存在生僻字)'] Image的值是->['https://htxzznstoretest.blob.core.chinacloudapi.cn/xhxz/0cced7d2-c755-438f-a44f-57bddd787184/zgbs05.jpg']
[INFO] [2019-05-06 15:48:37,116] logger.py [line:131] : Counter({'上海市': 1, '单位': 1, '招用': 1, '从业人员': 1, '备案': 1, '名册': 1, '式': 1, '三联': 1})Counter({'上海市': 1, '单位': 1, '招用': 1, '从业人员': 1, '备案': 1, '名册': 1, '式': 1, '三联': 1})1.0
[DEBUG] [2019-05-06 15:48:37,118] logger.py [line:131] : 当前问题是 => 7
[DEBUG] [2019-05-06 15:48:37,121] logger.py [line:131] : {
    "method": "post",
    "url": "https://192.168.1.104:10033/api/admin/channel/v2/webchat/getanswer",
    "json": {
        "id": "0cced7d2-c755-438f-a44f-57bddd787184",
        "webtalkid": "0b8ade4002e14485941cdc3705ad5de3",
        "question": "7",
        "channels": "WebChat"
    },
    "headers": {
        "Access-Token": "B7D57FF6592EEC0E9EB2114C512D6DE2A1BB2C2B0C300BEB5B53140B0B602078",
        "Content-Type": "application/json"
    }
}
[DEBUG] [2019-05-06 15:48:37,500] logger.py [line:131] : 问题:7,Text的值是->['1、个人就业工作经历信息修改备案表\n2、劳动合同 '] Header的值是->['您好！您的问题是：招退工备案的办理材料(本市户口|招工|变更岗位)'] Image的值是->['https://htxzznstoretest.blob.core.chinacloudapi.cn/xhxz/0cced7d2-c755-438f-a44f-57bddd787184/zgbs10.jpg']
[INFO] [2019-05-06 15:48:37,503] logger.py [line:131] : Counter({'就业': 1, '工作': 1, '经历': 1, '信息': 1, '修改': 1, '备案': 1, '表': 1, '\n': 1, '劳动合同': 1, ' ': 1})Counter({'就业': 1, '工作': 1, '经历': 1, '信息': 1, '修改': 1, '备案': 1, '表': 1, '\n': 1, '劳动合同': 1})1.0
[DEBUG] [2019-05-06 15:48:37,505] logger.py [line:131] : 当前问题是 => 8
[DEBUG] [2019-05-06 15:48:37,507] logger.py [line:131] : {
    "method": "post",
    "url": "https://192.168.1.104:10033/api/admin/channel/v2/webchat/getanswer",
    "json": {
        "id": "0cced7d2-c755-438f-a44f-57bddd787184",
        "webtalkid": "0b8ade4002e14485941cdc3705ad5de3",
        "question": "8",
        "channels": "WebChat"
    },
    "headers": {
        "Access-Token": "B7D57FF6592EEC0E9EB2114C512D6DE2A1BB2C2B0C300BEB5B53140B0B602078",
        "Content-Type": "application/json"
    }
}
[DEBUG] [2019-05-06 15:48:37,833] logger.py [line:131] : 问题:8,Text的值是->['个人就业工作经历信息修改备案表'] Header的值是->['您好！您的问题是：招退工备案的办理材料(本市户口|招工|删除招工记录)'] Image的值是->['https://htxzznstoretest.blob.core.chinacloudapi.cn/xhxz/0cced7d2-c755-438f-a44f-57bddd787184/zgbs10.jpg']
[INFO] [2019-05-06 15:48:37,836] logger.py [line:131] : Counter({'就业': 1, '工作': 1, '经历': 1, '信息': 1, '修改': 1, '备案': 1, '表': 1})Counter({'就业': 1, '工作': 1, '经历': 1, '信息': 1, '修改': 1, '备案': 1, '表': 1})1.0
